Username: kony_ogony, Reminder: aa, Time: 20 July 23:24, Timezone: Thailand, Thailand Time: 7/21/2024, 6:22:44 AM
Username: kony_ogony, Action: Reminder, Reminder: чикенмакнагетс, Time: 20 July 23:26, Timezone: Thailand, Thailand Time: 7/21/2024, 6:24:05 AM
Username: kony_ogony, Action: Reminder, Reminder: чикенбургер, Time: 20 July 21:30, Timezone: Chelyabinsk, Thailand Time: 7/21/2024, 6:24:25 AM
Username: kony_ogony, Action: Reminder, Reminder: рестарт, Time: 21 July 00:00, Timezone: Moscow, Thailand Time: 7/21/2024, 6:26:36 AM
Username: kony_ogony, Action: Shutdown, Thailand Time: 7/22/2024, 12:44:11 AM
Username: kony_ogony, Action: Reminder, Reminder: напомнить феликсу, Time: 21 July 15:50, Timezone: Moscow, Thailand Time: 7/22/2024, 12:50:45 AM
Username: kony_ogony, Action: Reminder, Reminder: феликс, Time: 21 July 17:00, Timezone: Moscow, Ping: 00felix, Thailand Time: 7/22/2024, 1:08:41 AM
Username: padowyt2, Action: Reminder, Reminder: a, Time: 20 july 22:38, Timezone: Thailand, Ping: 00felix, Thailand Time: 7/22/2024, 1:57:40 AM
Username: padowyt2, Action: Shutdown, Thailand Time: 7/22/2024, 1:58:44 AM
Username: kony_ogony, Action: List,Thailand Time: 2024-07-21 19:25
Username: kony_ogony, Action: List,Thailand Time: 2024-07-21 19:25
Username: kony_ogony, Action: Reminder, Reminder: test, Time: 21 july 19:27, Timezone: Thailand, Ping: kony_ogony, Thailand Time: 2024-07-21 19:25
Username: kony_ogony, Action: List,Thailand Time: 2024-07-21 19:25
Username: kony_ogony, Action: Reminder, Reminder: dsasd, Time: 21 july 20:00, Timezone: Thailand, Ping: padowyt2, Thailand Time: 2024-07-21 19:29
Username: kony_ogony, Action: Reminder, Reminder: sdsa, Time: 21 juyl 20:00, Timezone: Thailand, Ping: padowyt2, Thailand Time: 2024-07-21 19:31
Username: kony_ogony, Action: Reminder, Reminder: sda, Time: 21 july 20:00, Timezone: Thailand, Ping: padowyt2, Thailand Time: 2024-07-21 19:32
Username: kony_ogony, Action: List,Thailand Time: 2024-07-21 19:32
Username: kony_ogony, Action: List,Thailand Time: 2024-07-21 19:33
Username: kony_ogony, Action: Reminder, Reminder: a, Time: 21 july 23:322, Timezone: Thailand, Ping: padowyt2, Thailand Time: 2024-07-21 19:33
Username: kony_ogony, Action: Reminder, Reminder: dsasad, Time: 21 july 23:00, Timezone: Thailand, Ping: padowyt2, Thailand Time: 2024-07-21 19:33
Username: kony_ogony, Action: List,Thailand Time: 2024-07-21 19:33
Username: kony_ogony, Action: Reminder, Reminder: a, Time: 21 july 23:20, Timezone: Thailand, Ping: padowyt2, Thailand Time: 2024-07-21 19:37
Username: kony_ogony, Action: List,Thailand Time: 2024-07-21 19:37
Username: kony_ogony, Action: Reminder, Reminder: test, Time: 21 july 20:00, Timezone: Thailand, Ping: padowyt2, Thailand Time: 2024-07-21 19:43
Username: kony_ogony, Action: List,Thailand Time: 2024-07-21 19:43
Username: padowyt2, Action: Reminder, Reminder: поставить новое ядро (https://github.com/PadowYT2/Leaf/tree/custom), Time: 22 july 00:00, Timezone: Moscow, Ping: padowyt2, Thailand Time: 2024-07-21 19:46
